{"C:\\Users\\user\\Desktop\\groupfinda-app\\groupfinda-frontend\\App.tsx": {"path":"C:\\Users\\user\\Desktop\\groupfinda-app\\groupfinda-frontend\\App.tsx","statementMap":{"0":{"start":{"line":10,"column":23},"end":{"line":19,"column":1}},"1":{"start":{"line":11,"column":2},"end":{"line":18,"column":4}},"2":{"start":{"line":21,"column":21},"end":{"line":21,"column":39}}},"fnMap":{"0":{"name":"(anonymous_0)","decl":{"start":{"line":10,"column":23},"end":{"line":10,"column":24}},"loc":{"start":{"line":10,"column":57},"end":{"line":19,"column":1}},"line":10},"1":{"name":"(anonymous_1)","decl":{"start":{"line":21,"column":15},"end":{"line":21,"column":16}},"loc":{"start":{"line":21,"column":21},"end":{"line":21,"column":39}},"line":21}},"branchMap":{},"s":{"0":1,"1":1,"2":0},"f":{"0":1,"1":0},"b":{},"_coverageSchema":"1a1c01bbd47fc00a2c39e90264f33305004495a9","hash":"5e60ef7293056c486ce0d0f9af7ca46106ae9c97"}
,"C:\\Users\\user\\Desktop\\groupfinda-app\\groupfinda-frontend\\custom-theme.ts": {"path":"C:\\Users\\user\\Desktop\\groupfinda-app\\groupfinda-frontend\\custom-theme.ts","statementMap":{"0":{"start":{"line":3,"column":23},"end":{"line":81,"column":1}}},"fnMap":{},"branchMap":{},"s":{"0":1},"f":{},"b":{},"_coverageSchema":"1a1c01bbd47fc00a2c39e90264f33305004495a9","hash":"7f403a90d9096cf2b7048df226571727bbf78776"}
,"C:\\Users\\user\\Desktop\\groupfinda-app\\groupfinda-frontend\\src\\components\\Auth\\ForgetPasswordForm.tsx": {"path":"C:\\Users\\user\\Desktop\\groupfinda-app\\groupfinda-frontend\\src\\components\\Auth\\ForgetPasswordForm.tsx","statementMap":{"0":{"start":{"line":20,"column":44},"end":{"line":106,"column":1}},"1":{"start":{"line":21,"column":37},"end":{"line":21,"column":39}},"2":{"start":{"line":23,"column":34},"end":{"line":23,"column":54}},"3":{"start":{"line":24,"column":28},"end":{"line":24,"column":48}},"4":{"start":{"line":25,"column":32},"end":{"line":25,"column":56}},"5":{"start":{"line":32,"column":6},"end":{"line":32,"column":16}},"6":{"start":{"line":34,"column":27},"end":{"line":50,"column":4}},"7":{"start":{"line":39,"column":6},"end":{"line":41,"column":7}},"8":{"start":{"line":40,"column":8},"end":{"line":40,"column":29}},"9":{"start":{"line":44,"column":6},"end":{"line":44,"column":39}},"10":{"start":{"line":45,"column":6},"end":{"line":45,"column":19}},"11":{"start":{"line":46,"column":6},"end":{"line":46,"column":23}},"12":{"start":{"line":47,"column":6},"end":{"line":47,"column":19}},"13":{"start":{"line":48,"column":6},"end":{"line":48,"column":22}},"14":{"start":{"line":52,"column":19},"end":{"line":58,"column":3}},"15":{"start":{"line":53,"column":47},"end":{"line":56,"column":5}},"16":{"start":{"line":57,"column":4},"end":{"line":57,"column":34}},"17":{"start":{"line":59,"column":2},"end":{"line":105,"column":4}},"18":{"start":{"line":69,"column":24},"end":{"line":69,"column":51}},"19":{"start":{"line":76,"column":34},"end":{"line":76,"column":75}},"20":{"start":{"line":78,"column":31},"end":{"line":78,"column":62}},"21":{"start":{"line":84,"column":24},"end":{"line":84,"column":48}},"22":{"start":{"line":90,"column":34},"end":{"line":90,"column":74}},"23":{"start":{"line":93,"column":23},"end":{"line":93,"column":51}},"24":{"start":{"line":108,"column":15},"end":{"line":118,"column":2}}},"fnMap":{"0":{"name":"(anonymous_0)","decl":{"start":{"line":20,"column":44},"end":{"line":20,"column":45}},"loc":{"start":{"line":20,"column":50},"end":{"line":106,"column":1}},"line":20},"1":{"name":"(anonymous_1)","decl":{"start":{"line":38,"column":13},"end":{"line":38,"column":14}},"loc":{"start":{"line":38,"column":22},"end":{"line":42,"column":5}},"line":38},"2":{"name":"(anonymous_2)","decl":{"start":{"line":43,"column":17},"end":{"line":43,"column":18}},"loc":{"start":{"line":43,"column":27},"end":{"line":49,"column":5}},"line":43},"3":{"name":"(anonymous_3)","decl":{"start":{"line":52,"column":19},"end":{"line":52,"column":20}},"loc":{"start":{"line":52,"column":31},"end":{"line":58,"column":3}},"line":52},"4":{"name":"(anonymous_4)","decl":{"start":{"line":69,"column":18},"end":{"line":69,"column":19}},"loc":{"start":{"line":69,"column":24},"end":{"line":69,"column":51}},"line":69},"5":{"name":"(anonymous_5)","decl":{"start":{"line":76,"column":23},"end":{"line":76,"column":24}},"loc":{"start":{"line":76,"column":34},"end":{"line":76,"column":75}},"line":76},"6":{"name":"(anonymous_6)","decl":{"start":{"line":78,"column":25},"end":{"line":78,"column":26}},"loc":{"start":{"line":78,"column":31},"end":{"line":78,"column":62}},"line":78},"7":{"name":"(anonymous_7)","decl":{"start":{"line":84,"column":18},"end":{"line":84,"column":19}},"loc":{"start":{"line":84,"column":24},"end":{"line":84,"column":48}},"line":84},"8":{"name":"(anonymous_8)","decl":{"start":{"line":90,"column":23},"end":{"line":90,"column":24}},"loc":{"start":{"line":90,"column":34},"end":{"line":90,"column":74}},"line":90},"9":{"name":"(anonymous_9)","decl":{"start":{"line":93,"column":13},"end":{"line":93,"column":14}},"loc":{"start":{"line":93,"column":23},"end":{"line":93,"column":51}},"line":93}},"branchMap":{"0":{"loc":{"start":{"line":39,"column":6},"end":{"line":41,"column":7}},"type":"if","locations":[{"start":{"line":39,"column":6},"end":{"line":41,"column":7}},{"start":{"line":39,"column":6},"end":{"line":41,"column":7}}],"line":39},"1":{"loc":{"start":{"line":61,"column":7},"end":{"line":65,"column":7}},"type":"binary-expr","locations":[{"start":{"line":61,"column":7},"end":{"line":61,"column":14}},{"start":{"line":62,"column":8},"end":{"line":64,"column":15}}],"line":61},"2":{"loc":{"start":{"line":68,"column":16},"end":{"line":68,"column":56}},"type":"cond-expr","locations":[{"start":{"line":68,"column":38},"end":{"line":68,"column":46}},{"start":{"line":68,"column":49},"end":{"line":68,"column":56}}],"line":68},"3":{"loc":{"start":{"line":83,"column":16},"end":{"line":83,"column":53}},"type":"cond-expr","locations":[{"start":{"line":83,"column":35},"end":{"line":83,"column":43}},{"start":{"line":83,"column":46},"end":{"line":83,"column":53}}],"line":83}},"s":{"0":1,"1":1,"2":1,"3":1,"4":1,"5":1,"6":1,"7":0,"8":0,"9":0,"10":0,"11":0,"12":0,"13":0,"14":1,"15":0,"16":0,"17":1,"18":0,"19":1,"20":0,"21":0,"22":1,"23":1,"24":1},"f":{"0":1,"1":0,"2":0,"3":0,"4":0,"5":1,"6":0,"7":0,"8":1,"9":1},"b":{"0":[0,0],"1":[1,0],"2":[0,1],"3":[0,1]},"_coverageSchema":"1a1c01bbd47fc00a2c39e90264f33305004495a9","hash":"09fb0d08752f76ecaf0ff41147b8dd7ac86db1fd"}
,"C:\\Users\\user\\Desktop\\groupfinda-app\\groupfinda-frontend\\src\\components\\Auth\\LogInForm.tsx": {"path":"C:\\Users\\user\\Desktop\\groupfinda-app\\groupfinda-frontend\\src\\components\\Auth\\LogInForm.tsx","statementMap":{"0":{"start":{"line":41,"column":35},"end":{"line":160,"column":1}},"1":{"start":{"line":42,"column":37},"end":{"line":42,"column":39}},"2":{"start":{"line":44,"column":34},"end":{"line":44,"column":54}},"3":{"start":{"line":45,"column":34},"end":{"line":45,"column":54}},"4":{"start":{"line":46,"column":32},"end":{"line":46,"column":56}},"5":{"start":{"line":47,"column":42},"end":{"line":47,"column":65}},"6":{"start":{"line":48,"column":21},"end":{"line":48,"column":36}},"7":{"start":{"line":55,"column":6},"end":{"line":55,"column":16}},"8":{"start":{"line":56,"column":23},"end":{"line":56,"column":50}},"9":{"start":{"line":57,"column":22},"end":{"line":72,"column":3}},"10":{"start":{"line":61,"column":8},"end":{"line":63,"column":9}},"11":{"start":{"line":62,"column":10},"end":{"line":62,"column":31}},"12":{"start":{"line":65,"column":8},"end":{"line":65,"column":26}},"13":{"start":{"line":68,"column":8},"end":{"line":68,"column":70}},"14":{"start":{"line":69,"column":8},"end":{"line":69,"column":21}},"15":{"start":{"line":74,"column":29},"end":{"line":76,"column":3}},"16":{"start":{"line":75,"column":4},"end":{"line":75,"column":35}},"17":{"start":{"line":78,"column":54},"end":{"line":82,"column":3}},"18":{"start":{"line":79,"column":4},"end":{"line":81,"column":31}},"19":{"start":{"line":84,"column":31},"end":{"line":92,"column":3}},"20":{"start":{"line":85,"column":4},"end":{"line":91,"column":6}},"21":{"start":{"line":86,"column":39},"end":{"line":86,"column":76}},"22":{"start":{"line":94,"column":19},"end":{"line":108,"column":3}},"23":{"start":{"line":95,"column":38},"end":{"line":98,"column":5}},"24":{"start":{"line":99,"column":4},"end":{"line":99,"column":21}},"25":{"start":{"line":100,"column":4},"end":{"line":107,"column":5}},"26":{"start":{"line":101,"column":6},"end":{"line":101,"column":37}},"27":{"start":{"line":102,"column":6},"end":{"line":102,"column":27}},"28":{"start":{"line":104,"column":6},"end":{"line":104,"column":31}},"29":{"start":{"line":106,"column":6},"end":{"line":106,"column":24}},"30":{"start":{"line":109,"column":2},"end":{"line":159,"column":4}},"31":{"start":{"line":114,"column":24},"end":{"line":114,"column":51}},"32":{"start":{"line":115,"column":31},"end":{"line":115,"column":62}},"33":{"start":{"line":123,"column":34},"end":{"line":123,"column":75}},"34":{"start":{"line":128,"column":10},"end":{"line":128,"column":39}},"35":{"start":{"line":131,"column":24},"end":{"line":131,"column":51}},"36":{"start":{"line":137,"column":34},"end":{"line":137,"column":73}},"37":{"start":{"line":145,"column":35},"end":{"line":145,"column":76}},"38":{"start":{"line":162,"column":15},"end":{"line":176,"column":2}}},"fnMap":{"0":{"name":"(anonymous_0)","decl":{"start":{"line":41,"column":35},"end":{"line":41,"column":36}},"loc":{"start":{"line":41,"column":41},"end":{"line":160,"column":1}},"line":41},"1":{"name":"(anonymous_1)","decl":{"start":{"line":60,"column":15},"end":{"line":60,"column":16}},"loc":{"start":{"line":60,"column":24},"end":{"line":66,"column":7}},"line":60},"2":{"name":"(anonymous_2)","decl":{"start":{"line":67,"column":19},"end":{"line":67,"column":20}},"loc":{"start":{"line":67,"column":35},"end":{"line":70,"column":7}},"line":67},"3":{"name":"(anonymous_3)","decl":{"start":{"line":74,"column":29},"end":{"line":74,"column":30}},"loc":{"start":{"line":74,"column":41},"end":{"line":76,"column":3}},"line":74},"4":{"name":"(anonymous_4)","decl":{"start":{"line":78,"column":54},"end":{"line":78,"column":55}},"loc":{"start":{"line":79,"column":4},"end":{"line":81,"column":31}},"line":79},"5":{"name":"(anonymous_5)","decl":{"start":{"line":84,"column":31},"end":{"line":84,"column":32}},"loc":{"start":{"line":84,"column":37},"end":{"line":92,"column":3}},"line":84},"6":{"name":"(anonymous_6)","decl":{"start":{"line":86,"column":33},"end":{"line":86,"column":34}},"loc":{"start":{"line":86,"column":39},"end":{"line":86,"column":76}},"line":86},"7":{"name":"(anonymous_7)","decl":{"start":{"line":94,"column":19},"end":{"line":94,"column":20}},"loc":{"start":{"line":94,"column":46},"end":{"line":108,"column":3}},"line":94},"8":{"name":"(anonymous_8)","decl":{"start":{"line":114,"column":18},"end":{"line":114,"column":19}},"loc":{"start":{"line":114,"column":24},"end":{"line":114,"column":51}},"line":114},"9":{"name":"(anonymous_9)","decl":{"start":{"line":115,"column":25},"end":{"line":115,"column":26}},"loc":{"start":{"line":115,"column":31},"end":{"line":115,"column":62}},"line":115},"10":{"name":"(anonymous_10)","decl":{"start":{"line":123,"column":23},"end":{"line":123,"column":24}},"loc":{"start":{"line":123,"column":34},"end":{"line":123,"column":75}},"line":123},"11":{"name":"(anonymous_11)","decl":{"start":{"line":127,"column":13},"end":{"line":127,"column":14}},"loc":{"start":{"line":127,"column":22},"end":{"line":129,"column":9}},"line":127},"12":{"name":"(anonymous_12)","decl":{"start":{"line":131,"column":18},"end":{"line":131,"column":19}},"loc":{"start":{"line":131,"column":24},"end":{"line":131,"column":51}},"line":131},"13":{"name":"(anonymous_13)","decl":{"start":{"line":137,"column":23},"end":{"line":137,"column":24}},"loc":{"start":{"line":137,"column":34},"end":{"line":137,"column":73}},"line":137},"14":{"name":"(anonymous_14)","decl":{"start":{"line":145,"column":24},"end":{"line":145,"column":25}},"loc":{"start":{"line":145,"column":35},"end":{"line":145,"column":76}},"line":145}},"branchMap":{"0":{"loc":{"start":{"line":61,"column":8},"end":{"line":63,"column":9}},"type":"if","locations":[{"start":{"line":61,"column":8},"end":{"line":63,"column":9}},{"start":{"line":61,"column":8},"end":{"line":63,"column":9}}],"line":61},"1":{"loc":{"start":{"line":80,"column":29},"end":{"line":80,"column":61}},"type":"cond-expr","locations":[{"start":{"line":80,"column":44},"end":{"line":80,"column":53}},{"start":{"line":80,"column":56},"end":{"line":80,"column":61}}],"line":80},"2":{"loc":{"start":{"line":113,"column":16},"end":{"line":113,"column":56}},"type":"cond-expr","locations":[{"start":{"line":113,"column":38},"end":{"line":113,"column":46}},{"start":{"line":113,"column":49},"end":{"line":113,"column":56}}],"line":113},"3":{"loc":{"start":{"line":130,"column":16},"end":{"line":130,"column":56}},"type":"cond-expr","locations":[{"start":{"line":130,"column":38},"end":{"line":130,"column":46}},{"start":{"line":130,"column":49},"end":{"line":130,"column":56}}],"line":130},"4":{"loc":{"start":{"line":153,"column":7},"end":{"line":157,"column":7}},"type":"binary-expr","locations":[{"start":{"line":153,"column":7},"end":{"line":153,"column":14}},{"start":{"line":154,"column":8},"end":{"line":156,"column":17}}],"line":153}},"s":{"0":1,"1":0,"2":0,"3":0,"4":0,"5":0,"6":0,"7":0,"8":0,"9":0,"10":0,"11":0,"12":0,"13":0,"14":0,"15":0,"16":0,"17":0,"18":0,"19":0,"20":0,"21":0,"22":0,"23":0,"24":0,"25":0,"26":0,"27":0,"28":0,"29":0,"30":0,"31":0,"32":0,"33":0,"34":0,"35":0,"36":0,"37":0,"38":1},"f":{"0":0,"1":0,"2":0,"3":0,"4":0,"5":0,"6":0,"7":0,"8":0,"9":0,"10":0,"11":0,"12":0,"13":0,"14":0},"b":{"0":[0,0],"1":[0,0],"2":[0,0],"3":[0,0],"4":[0,0]},"_coverageSchema":"1a1c01bbd47fc00a2c39e90264f33305004495a9","hash":"e3b4f1c04723ee2ab0c1d60f20f1db79e403cdc0"}
,"C:\\Users\\user\\Desktop\\groupfinda-app\\groupfinda-frontend\\src\\components\\Auth\\SignUpForm.tsx": {"path":"C:\\Users\\user\\Desktop\\groupfinda-app\\groupfinda-frontend\\src\\components\\Auth\\SignUpForm.tsx","statementMap":{"0":{"start":{"line":47,"column":36},"end":{"line":262,"column":1}},"1":{"start":{"line":48,"column":37},"end":{"line":48,"column":39}},"2":{"start":{"line":49,"column":18},"end":{"line":49,"column":36}},"3":{"start":{"line":50,"column":34},"end":{"line":50,"column":54}},"4":{"start":{"line":51,"column":34},"end":{"line":51,"column":54}},"5":{"start":{"line":52,"column":48},"end":{"line":52,"column":68}},"6":{"start":{"line":53,"column":36},"end":{"line":53,"column":56}},"7":{"start":{"line":54,"column":34},"end":{"line":54,"column":54}},"8":{"start":{"line":55,"column":28},"end":{"line":55,"column":48}},"9":{"start":{"line":56,"column":30},"end":{"line":58,"column":3}},"10":{"start":{"line":59,"column":34},"end":{"line":59,"column":60}},"11":{"start":{"line":60,"column":32},"end":{"line":60,"column":56}},"12":{"start":{"line":61,"column":23},"end":{"line":61,"column":50}},"13":{"start":{"line":69,"column":6},"end":{"line":69,"column":16}},"14":{"start":{"line":71,"column":23},"end":{"line":86,"column":3}},"15":{"start":{"line":75,"column":8},"end":{"line":77,"column":9}},"16":{"start":{"line":76,"column":10},"end":{"line":76,"column":31}},"17":{"start":{"line":79,"column":8},"end":{"line":79,"column":26}},"18":{"start":{"line":82,"column":8},"end":{"line":82,"column":71}},"19":{"start":{"line":83,"column":8},"end":{"line":83,"column":21}},"20":{"start":{"line":87,"column":42},"end":{"line":87,"column":65}},"21":{"start":{"line":88,"column":56},"end":{"line":88,"column":79}},"22":{"start":{"line":90,"column":29},"end":{"line":92,"column":3}},"23":{"start":{"line":91,"column":4},"end":{"line":91,"column":35}},"24":{"start":{"line":94,"column":36},"end":{"line":96,"column":3}},"25":{"start":{"line":95,"column":4},"end":{"line":95,"column":49}},"26":{"start":{"line":98,"column":62},"end":{"line":102,"column":3}},"27":{"start":{"line":99,"column":4},"end":{"line":101,"column":31}},"28":{"start":{"line":104,"column":69},"end":{"line":110,"column":3}},"29":{"start":{"line":107,"column":4},"end":{"line":109,"column":31}},"30":{"start":{"line":112,"column":19},"end":{"line":132,"column":3}},"31":{"start":{"line":113,"column":39},"end":{"line":122,"column":5}},"32":{"start":{"line":123,"column":4},"end":{"line":123,"column":21}},"33":{"start":{"line":124,"column":4},"end":{"line":131,"column":5}},"34":{"start":{"line":125,"column":6},"end":{"line":125,"column":38}},"35":{"start":{"line":126,"column":6},"end":{"line":126,"column":27}},"36":{"start":{"line":128,"column":6},"end":{"line":128,"column":31}},"37":{"start":{"line":130,"column":6},"end":{"line":130,"column":24}},"38":{"start":{"line":134,"column":2},"end":{"line":261,"column":4}},"39":{"start":{"line":139,"column":24},"end":{"line":139,"column":51}},"40":{"start":{"line":147,"column":31},"end":{"line":147,"column":62}},"41":{"start":{"line":153,"column":24},"end":{"line":153,"column":51}},"42":{"start":{"line":163,"column":23},"end":{"line":163,"column":51}},"43":{"start":{"line":164,"column":31},"end":{"line":164,"column":61}},"44":{"start":{"line":170,"column":24},"end":{"line":170,"column":58}},"45":{"start":{"line":180,"column":23},"end":{"line":180,"column":50}},"46":{"start":{"line":181,"column":31},"end":{"line":181,"column":62}},"47":{"start":{"line":187,"column":24},"end":{"line":187,"column":52}},"48":{"start":{"line":195,"column":23},"end":{"line":195,"column":51}},"49":{"start":{"line":196,"column":31},"end":{"line":196,"column":61}},"50":{"start":{"line":202,"column":24},"end":{"line":202,"column":51}},"51":{"start":{"line":210,"column":23},"end":{"line":210,"column":50}},"52":{"start":{"line":211,"column":31},"end":{"line":211,"column":61}},"53":{"start":{"line":217,"column":24},"end":{"line":217,"column":48}},"54":{"start":{"line":226,"column":23},"end":{"line":226,"column":50}},"55":{"start":{"line":236,"column":10},"end":{"line":236,"column":50}},"56":{"start":{"line":264,"column":15},"end":{"line":276,"column":2}}},"fnMap":{"0":{"name":"(anonymous_0)","decl":{"start":{"line":47,"column":36},"end":{"line":47,"column":37}},"loc":{"start":{"line":47,"column":42},"end":{"line":262,"column":1}},"line":47},"1":{"name":"(anonymous_1)","decl":{"start":{"line":74,"column":15},"end":{"line":74,"column":16}},"loc":{"start":{"line":74,"column":24},"end":{"line":80,"column":7}},"line":74},"2":{"name":"(anonymous_2)","decl":{"start":{"line":81,"column":19},"end":{"line":81,"column":20}},"loc":{"start":{"line":81,"column":35},"end":{"line":84,"column":7}},"line":81},"3":{"name":"(anonymous_3)","decl":{"start":{"line":90,"column":29},"end":{"line":90,"column":30}},"loc":{"start":{"line":90,"column":41},"end":{"line":92,"column":3}},"line":90},"4":{"name":"(anonymous_4)","decl":{"start":{"line":94,"column":36},"end":{"line":94,"column":37}},"loc":{"start":{"line":94,"column":48},"end":{"line":96,"column":3}},"line":94},"5":{"name":"(anonymous_5)","decl":{"start":{"line":98,"column":62},"end":{"line":98,"column":63}},"loc":{"start":{"line":99,"column":4},"end":{"line":101,"column":31}},"line":99},"6":{"name":"(anonymous_6)","decl":{"start":{"line":104,"column":69},"end":{"line":104,"column":70}},"loc":{"start":{"line":107,"column":4},"end":{"line":109,"column":31}},"line":107},"7":{"name":"(anonymous_7)","decl":{"start":{"line":112,"column":19},"end":{"line":112,"column":20}},"loc":{"start":{"line":112,"column":46},"end":{"line":132,"column":3}},"line":112},"8":{"name":"(anonymous_8)","decl":{"start":{"line":139,"column":18},"end":{"line":139,"column":19}},"loc":{"start":{"line":139,"column":24},"end":{"line":139,"column":51}},"line":139},"9":{"name":"(anonymous_9)","decl":{"start":{"line":147,"column":25},"end":{"line":147,"column":26}},"loc":{"start":{"line":147,"column":31},"end":{"line":147,"column":62}},"line":147},"10":{"name":"(anonymous_10)","decl":{"start":{"line":153,"column":18},"end":{"line":153,"column":19}},"loc":{"start":{"line":153,"column":24},"end":{"line":153,"column":51}},"line":153},"11":{"name":"(anonymous_11)","decl":{"start":{"line":163,"column":13},"end":{"line":163,"column":14}},"loc":{"start":{"line":163,"column":23},"end":{"line":163,"column":51}},"line":163},"12":{"name":"(anonymous_12)","decl":{"start":{"line":164,"column":25},"end":{"line":164,"column":26}},"loc":{"start":{"line":164,"column":31},"end":{"line":164,"column":61}},"line":164},"13":{"name":"(anonymous_13)","decl":{"start":{"line":170,"column":18},"end":{"line":170,"column":19}},"loc":{"start":{"line":170,"column":24},"end":{"line":170,"column":58}},"line":170},"14":{"name":"(anonymous_14)","decl":{"start":{"line":180,"column":13},"end":{"line":180,"column":14}},"loc":{"start":{"line":180,"column":23},"end":{"line":180,"column":50}},"line":180},"15":{"name":"(anonymous_15)","decl":{"start":{"line":181,"column":25},"end":{"line":181,"column":26}},"loc":{"start":{"line":181,"column":31},"end":{"line":181,"column":62}},"line":181},"16":{"name":"(anonymous_16)","decl":{"start":{"line":187,"column":18},"end":{"line":187,"column":19}},"loc":{"start":{"line":187,"column":24},"end":{"line":187,"column":52}},"line":187},"17":{"name":"(anonymous_17)","decl":{"start":{"line":195,"column":13},"end":{"line":195,"column":14}},"loc":{"start":{"line":195,"column":23},"end":{"line":195,"column":51}},"line":195},"18":{"name":"(anonymous_18)","decl":{"start":{"line":196,"column":25},"end":{"line":196,"column":26}},"loc":{"start":{"line":196,"column":31},"end":{"line":196,"column":61}},"line":196},"19":{"name":"(anonymous_19)","decl":{"start":{"line":202,"column":18},"end":{"line":202,"column":19}},"loc":{"start":{"line":202,"column":24},"end":{"line":202,"column":51}},"line":202},"20":{"name":"(anonymous_20)","decl":{"start":{"line":210,"column":13},"end":{"line":210,"column":14}},"loc":{"start":{"line":210,"column":23},"end":{"line":210,"column":50}},"line":210},"21":{"name":"(anonymous_21)","decl":{"start":{"line":211,"column":25},"end":{"line":211,"column":26}},"loc":{"start":{"line":211,"column":31},"end":{"line":211,"column":61}},"line":211},"22":{"name":"(anonymous_22)","decl":{"start":{"line":217,"column":18},"end":{"line":217,"column":19}},"loc":{"start":{"line":217,"column":24},"end":{"line":217,"column":48}},"line":217},"23":{"name":"(anonymous_23)","decl":{"start":{"line":226,"column":13},"end":{"line":226,"column":14}},"loc":{"start":{"line":226,"column":23},"end":{"line":226,"column":50}},"line":226},"24":{"name":"(anonymous_24)","decl":{"start":{"line":235,"column":21},"end":{"line":235,"column":22}},"loc":{"start":{"line":236,"column":10},"end":{"line":236,"column":50}},"line":236}},"branchMap":{"0":{"loc":{"start":{"line":75,"column":8},"end":{"line":77,"column":9}},"type":"if","locations":[{"start":{"line":75,"column":8},"end":{"line":77,"column":9}},{"start":{"line":75,"column":8},"end":{"line":77,"column":9}}],"line":75},"1":{"loc":{"start":{"line":100,"column":29},"end":{"line":100,"column":61}},"type":"cond-expr","locations":[{"start":{"line":100,"column":44},"end":{"line":100,"column":53}},{"start":{"line":100,"column":56},"end":{"line":100,"column":61}}],"line":100},"2":{"loc":{"start":{"line":108,"column":29},"end":{"line":108,"column":68}},"type":"cond-expr","locations":[{"start":{"line":108,"column":51},"end":{"line":108,"column":60}},{"start":{"line":108,"column":63},"end":{"line":108,"column":68}}],"line":108},"3":{"loc":{"start":{"line":138,"column":16},"end":{"line":138,"column":56}},"type":"cond-expr","locations":[{"start":{"line":138,"column":38},"end":{"line":138,"column":46}},{"start":{"line":138,"column":49},"end":{"line":138,"column":56}}],"line":138},"4":{"loc":{"start":{"line":152,"column":16},"end":{"line":152,"column":56}},"type":"cond-expr","locations":[{"start":{"line":152,"column":38},"end":{"line":152,"column":46}},{"start":{"line":152,"column":49},"end":{"line":152,"column":56}}],"line":152},"5":{"loc":{"start":{"line":169,"column":16},"end":{"line":169,"column":63}},"type":"cond-expr","locations":[{"start":{"line":169,"column":45},"end":{"line":169,"column":53}},{"start":{"line":169,"column":56},"end":{"line":169,"column":63}}],"line":169},"6":{"loc":{"start":{"line":186,"column":16},"end":{"line":186,"column":57}},"type":"cond-expr","locations":[{"start":{"line":186,"column":39},"end":{"line":186,"column":47}},{"start":{"line":186,"column":50},"end":{"line":186,"column":57}}],"line":186},"7":{"loc":{"start":{"line":201,"column":16},"end":{"line":201,"column":56}},"type":"cond-expr","locations":[{"start":{"line":201,"column":38},"end":{"line":201,"column":46}},{"start":{"line":201,"column":49},"end":{"line":201,"column":56}}],"line":201},"8":{"loc":{"start":{"line":216,"column":16},"end":{"line":216,"column":53}},"type":"cond-expr","locations":[{"start":{"line":216,"column":35},"end":{"line":216,"column":43}},{"start":{"line":216,"column":46},"end":{"line":216,"column":53}}],"line":216},"9":{"loc":{"start":{"line":255,"column":7},"end":{"line":259,"column":7}},"type":"binary-expr","locations":[{"start":{"line":255,"column":7},"end":{"line":255,"column":14}},{"start":{"line":256,"column":8},"end":{"line":258,"column":17}}],"line":255}},"s":{"0":1,"1":0,"2":0,"3":0,"4":0,"5":0,"6":0,"7":0,"8":0,"9":0,"10":0,"11":0,"12":0,"13":0,"14":0,"15":0,"16":0,"17":0,"18":0,"19":0,"20":0,"21":0,"22":0,"23":0,"24":0,"25":0,"26":0,"27":0,"28":0,"29":0,"30":0,"31":0,"32":0,"33":0,"34":0,"35":0,"36":0,"37":0,"38":0,"39":0,"40":0,"41":0,"42":0,"43":0,"44":0,"45":0,"46":0,"47":0,"48":0,"49":0,"50":0,"51":0,"52":0,"53":0,"54":0,"55":0,"56":1},"f":{"0":0,"1":0,"2":0,"3":0,"4":0,"5":0,"6":0,"7":0,"8":0,"9":0,"10":0,"11":0,"12":0,"13":0,"14":0,"15":0,"16":0,"17":0,"18":0,"19":0,"20":0,"21":0,"22":0,"23":0,"24":0},"b":{"0":[0,0],"1":[0,0],"2":[0,0],"3":[0,0],"4":[0,0],"5":[0,0],"6":[0,0],"7":[0,0],"8":[0,0],"9":[0,0]},"_coverageSchema":"1a1c01bbd47fc00a2c39e90264f33305004495a9","hash":"83d5fa897a46ec827804dc869348c819f1415c7d"}
,"C:\\Users\\user\\Desktop\\groupfinda-app\\groupfinda-frontend\\src\\components\\Auth\\index.ts": {"path":"C:\\Users\\user\\Desktop\\groupfinda-app\\groupfinda-frontend\\src\\components\\Auth\\index.ts","statementMap":{},"fnMap":{},"branchMap":{},"s":{},"f":{},"b":{},"_coverageSchema":"1a1c01bbd47fc00a2c39e90264f33305004495a9","hash":"3707d1f9d8cdd34d6c6060bae76f60f3024871e9"}
,"C:\\Users\\user\\Desktop\\groupfinda-app\\groupfinda-frontend\\src\\graphql\\client.ts": {"path":"C:\\Users\\user\\Desktop\\groupfinda-app\\groupfinda-frontend\\src\\graphql\\client.ts","statementMap":{"0":{"start":{"line":8,"column":17},"end":{"line":16,"column":2}},"1":{"start":{"line":9,"column":16},"end":{"line":9,"column":55}},"2":{"start":{"line":10,"column":2},"end":{"line":15,"column":4}},"3":{"start":{"line":18,"column":20},"end":{"line":18,"column":55}},"4":{"start":{"line":20,"column":13},"end":{"line":23,"column":2}},"5":{"start":{"line":25,"column":15},"end":{"line":28,"column":2}}},"fnMap":{"0":{"name":"(anonymous_0)","decl":{"start":{"line":8,"column":28},"end":{"line":8,"column":29}},"loc":{"start":{"line":8,"column":54},"end":{"line":16,"column":1}},"line":8}},"branchMap":{"0":{"loc":{"start":{"line":13,"column":21},"end":{"line":13,"column":53}},"type":"cond-expr","locations":[{"start":{"line":13,"column":29},"end":{"line":13,"column":46}},{"start":{"line":13,"column":49},"end":{"line":13,"column":53}}],"line":13}},"s":{"0":1,"1":0,"2":0,"3":1,"4":1,"5":1},"f":{"0":0},"b":{"0":[0,0]},"_coverageSchema":"1a1c01bbd47fc00a2c39e90264f33305004495a9","hash":"50cace5c05d18fef43b6b7217339a96f359090a2"}
,"C:\\Users\\user\\Desktop\\groupfinda-app\\groupfinda-frontend\\src\\graphql\\mutations\\index.ts": {"path":"C:\\Users\\user\\Desktop\\groupfinda-app\\groupfinda-frontend\\src\\graphql\\mutations\\index.ts","statementMap":{},"fnMap":{},"branchMap":{},"s":{},"f":{},"b":{},"_coverageSchema":"1a1c01bbd47fc00a2c39e90264f33305004495a9","hash":"f7fa10e03d521e72373e7cf39ecf1fe81a0f3b66"}
,"C:\\Users\\user\\Desktop\\groupfinda-app\\groupfinda-frontend\\src\\graphql\\mutations\\user.ts": {"path":"C:\\Users\\user\\Desktop\\groupfinda-app\\groupfinda-frontend\\src\\graphql\\mutations\\user.ts","statementMap":{"0":{"start":{"line":3,"column":26},"end":{"line":9,"column":1}},"1":{"start":{"line":11,"column":27},"end":{"line":35,"column":1}},"2":{"start":{"line":37,"column":31},"end":{"line":41,"column":1}},"3":{"start":{"line":43,"column":30},"end":{"line":55,"column":1}},"4":{"start":{"line":57,"column":29},"end":{"line":61,"column":1}}},"fnMap":{},"branchMap":{},"s":{"0":1,"1":1,"2":1,"3":1,"4":1},"f":{},"b":{},"_coverageSchema":"1a1c01bbd47fc00a2c39e90264f33305004495a9","hash":"baebcd1ccd21cacecddee16dd11a6b3b7531bd3c"}
,"C:\\Users\\user\\Desktop\\groupfinda-app\\groupfinda-frontend\\src\\graphql\\queries\\index.ts": {"path":"C:\\Users\\user\\Desktop\\groupfinda-app\\groupfinda-frontend\\src\\graphql\\queries\\index.ts","statementMap":{},"fnMap":{},"branchMap":{},"s":{},"f":{},"b":{},"_coverageSchema":"1a1c01bbd47fc00a2c39e90264f33305004495a9","hash":"363fc0c46b6a924e46a705734d3de95244304dd3"}
,"C:\\Users\\user\\Desktop\\groupfinda-app\\groupfinda-frontend\\src\\graphql\\queries\\user.ts": {"path":"C:\\Users\\user\\Desktop\\groupfinda-app\\groupfinda-frontend\\src\\graphql\\queries\\user.ts","statementMap":{"0":{"start":{"line":3,"column":18},"end":{"line":10,"column":1}}},"fnMap":{},"branchMap":{},"s":{"0":1},"f":{},"b":{},"_coverageSchema":"1a1c01bbd47fc00a2c39e90264f33305004495a9","hash":"2d1a3cf5e8fbaff1c7a831ad775fe10056b08f4e"}
,"C:\\Users\\user\\Desktop\\groupfinda-app\\groupfinda-frontend\\src\\hooks\\index.ts": {"path":"C:\\Users\\user\\Desktop\\groupfinda-app\\groupfinda-frontend\\src\\hooks\\index.ts","statementMap":{},"fnMap":{},"branchMap":{},"s":{},"f":{},"b":{},"_coverageSchema":"1a1c01bbd47fc00a2c39e90264f33305004495a9","hash":"f2dbd7527200145a29b6a82029d7a8c5fd29c47c"}
,"C:\\Users\\user\\Desktop\\groupfinda-app\\groupfinda-frontend\\src\\hooks\\useError.tsx": {"path":"C:\\Users\\user\\Desktop\\groupfinda-app\\groupfinda-frontend\\src\\hooks\\useError.tsx","statementMap":{"0":{"start":{"line":18,"column":24},"end":{"line":65,"column":1}},"1":{"start":{"line":19,"column":32},"end":{"line":19,"column":52}},"2":{"start":{"line":20,"column":38},"end":{"line":20,"column":66}},"3":{"start":{"line":22,"column":19},"end":{"line":24,"column":3}},"4":{"start":{"line":23,"column":4},"end":{"line":23,"column":22}},"5":{"start":{"line":26,"column":26},"end":{"line":39,"column":3}},"6":{"start":{"line":27,"column":44},"end":{"line":27,"column":49}},"7":{"start":{"line":28,"column":4},"end":{"line":35,"column":5}},"8":{"start":{"line":29,"column":6},"end":{"line":29,"column":43}},"9":{"start":{"line":31,"column":8},"end":{"line":31,"column":64}},"10":{"start":{"line":32,"column":42},"end":{"line":32,"column":44}},"11":{"start":{"line":33,"column":6},"end":{"line":33,"column":72}},"12":{"start":{"line":33,"column":44},"end":{"line":33,"column":69}},"13":{"start":{"line":34,"column":6},"end":{"line":34,"column":35}},"14":{"start":{"line":36,"column":4},"end":{"line":38,"column":5}},"15":{"start":{"line":37,"column":6},"end":{"line":37,"column":39}},"16":{"start":{"line":41,"column":26},"end":{"line":43,"column":3}},"17":{"start":{"line":42,"column":4},"end":{"line":42,"column":57}},"18":{"start":{"line":42,"column":29},"end":{"line":42,"column":54}},"19":{"start":{"line":45,"column":16},"end":{"line":50,"column":3}},"20":{"start":{"line":46,"column":4},"end":{"line":48,"column":5}},"21":{"start":{"line":47,"column":6},"end":{"line":47,"column":52}},"22":{"start":{"line":49,"column":4},"end":{"line":49,"column":17}},"23":{"start":{"line":52,"column":21},"end":{"line":55,"column":3}},"24":{"start":{"line":53,"column":4},"end":{"line":53,"column":19}},"25":{"start":{"line":54,"column":4},"end":{"line":54,"column":22}},"26":{"start":{"line":57,"column":2},"end":{"line":64,"column":4}}},"fnMap":{"0":{"name":"(anonymous_0)","decl":{"start":{"line":18,"column":24},"end":{"line":18,"column":25}},"loc":{"start":{"line":18,"column":41},"end":{"line":65,"column":1}},"line":18},"1":{"name":"(anonymous_1)","decl":{"start":{"line":22,"column":19},"end":{"line":22,"column":20}},"loc":{"start":{"line":22,"column":44},"end":{"line":24,"column":3}},"line":22},"2":{"name":"(anonymous_2)","decl":{"start":{"line":26,"column":26},"end":{"line":26,"column":27}},"loc":{"start":{"line":26,"column":56},"end":{"line":39,"column":3}},"line":26},"3":{"name":"(anonymous_3)","decl":{"start":{"line":33,"column":26},"end":{"line":33,"column":27}},"loc":{"start":{"line":33,"column":44},"end":{"line":33,"column":69}},"line":33},"4":{"name":"(anonymous_4)","decl":{"start":{"line":41,"column":26},"end":{"line":41,"column":27}},"loc":{"start":{"line":41,"column":49},"end":{"line":43,"column":3}},"line":41},"5":{"name":"(anonymous_5)","decl":{"start":{"line":42,"column":18},"end":{"line":42,"column":19}},"loc":{"start":{"line":42,"column":29},"end":{"line":42,"column":54}},"line":42},"6":{"name":"(anonymous_6)","decl":{"start":{"line":45,"column":16},"end":{"line":45,"column":17}},"loc":{"start":{"line":45,"column":35},"end":{"line":50,"column":3}},"line":45},"7":{"name":"(anonymous_7)","decl":{"start":{"line":52,"column":21},"end":{"line":52,"column":22}},"loc":{"start":{"line":52,"column":27},"end":{"line":55,"column":3}},"line":52}},"branchMap":{"0":{"loc":{"start":{"line":28,"column":4},"end":{"line":35,"column":5}},"type":"if","locations":[{"start":{"line":28,"column":4},"end":{"line":35,"column":5}},{"start":{"line":28,"column":4},"end":{"line":35,"column":5}}],"line":28},"1":{"loc":{"start":{"line":36,"column":4},"end":{"line":38,"column":5}},"type":"if","locations":[{"start":{"line":36,"column":4},"end":{"line":38,"column":5}},{"start":{"line":36,"column":4},"end":{"line":38,"column":5}}],"line":36},"2":{"loc":{"start":{"line":46,"column":4},"end":{"line":48,"column":5}},"type":"if","locations":[{"start":{"line":46,"column":4},"end":{"line":48,"column":5}},{"start":{"line":46,"column":4},"end":{"line":48,"column":5}}],"line":46}},"s":{"0":1,"1":1,"2":1,"3":1,"4":0,"5":1,"6":0,"7":0,"8":0,"9":0,"10":0,"11":0,"12":0,"13":0,"14":0,"15":0,"16":1,"17":0,"18":0,"19":1,"20":1,"21":0,"22":1,"23":1,"24":0,"25":0,"26":1},"f":{"0":1,"1":0,"2":0,"3":0,"4":0,"5":0,"6":1,"7":0},"b":{"0":[0,0],"1":[0,0],"2":[0,1]},"_coverageSchema":"1a1c01bbd47fc00a2c39e90264f33305004495a9","hash":"0df31f6cdcf8077a333459ea5c0e6258d05447f7"}
,"C:\\Users\\user\\Desktop\\groupfinda-app\\groupfinda-frontend\\src\\hooks\\useRefetch.tsx": {"path":"C:\\Users\\user\\Desktop\\groupfinda-app\\groupfinda-frontend\\src\\hooks\\useRefetch.tsx","statementMap":{"0":{"start":{"line":5,"column":26},"end":{"line":14,"column":1}},"1":{"start":{"line":6,"column":25},"end":{"line":11,"column":3}},"2":{"start":{"line":13,"column":2},"end":{"line":13,"column":22}}},"fnMap":{"0":{"name":"(anonymous_0)","decl":{"start":{"line":5,"column":26},"end":{"line":5,"column":27}},"loc":{"start":{"line":5,"column":70},"end":{"line":14,"column":1}},"line":5}},"branchMap":{},"s":{"0":1,"1":0,"2":0},"f":{"0":0},"b":{},"_coverageSchema":"1a1c01bbd47fc00a2c39e90264f33305004495a9","hash":"f4749d5864072c05b118536d44e58d18b93dbcb6"}
,"C:\\Users\\user\\Desktop\\groupfinda-app\\groupfinda-frontend\\src\\navigation\\navigator.tsx": {"path":"C:\\Users\\user\\Desktop\\groupfinda-app\\groupfinda-frontend\\src\\navigation\\navigator.tsx","statementMap":{"0":{"start":{"line":25,"column":14},"end":{"line":25,"column":40}},"1":{"start":{"line":26,"column":16},"end":{"line":26,"column":58}},"2":{"start":{"line":27,"column":36},"end":{"line":27,"column":59}},"3":{"start":{"line":28,"column":26},"end":{"line":28,"column":55}},"4":{"start":{"line":29,"column":35},"end":{"line":29,"column":69}},"5":{"start":{"line":31,"column":2},"end":{"line":40,"column":22}},"6":{"start":{"line":32,"column":4},"end":{"line":35,"column":5}},"7":{"start":{"line":33,"column":6},"end":{"line":33,"column":28}},"8":{"start":{"line":34,"column":6},"end":{"line":34,"column":23}},"9":{"start":{"line":36,"column":4},"end":{"line":39,"column":5}},"10":{"start":{"line":37,"column":6},"end":{"line":37,"column":26}},"11":{"start":{"line":38,"column":6},"end":{"line":38,"column":20}},"12":{"start":{"line":42,"column":34},"end":{"line":49,"column":3}},"13":{"start":{"line":43,"column":4},"end":{"line":48,"column":20}},"14":{"start":{"line":51,"column":2},"end":{"line":53,"column":3}},"15":{"start":{"line":52,"column":4},"end":{"line":52,"column":29}},"16":{"start":{"line":54,"column":2},"end":{"line":82,"column":4}},"17":{"start":{"line":66,"column":39},"end":{"line":66,"column":43}},"18":{"start":{"line":71,"column":39},"end":{"line":71,"column":43}}},"fnMap":{"0":{"name":"(anonymous_0)","decl":{"start":{"line":24,"column":15},"end":{"line":24,"column":16}},"loc":{"start":{"line":24,"column":21},"end":{"line":83,"column":1}},"line":24},"1":{"name":"(anonymous_1)","decl":{"start":{"line":31,"column":12},"end":{"line":31,"column":13}},"loc":{"start":{"line":31,"column":18},"end":{"line":40,"column":3}},"line":31},"2":{"name":"(anonymous_2)","decl":{"start":{"line":42,"column":34},"end":{"line":42,"column":35}},"loc":{"start":{"line":43,"column":4},"end":{"line":48,"column":20}},"line":43},"3":{"name":"(anonymous_3)","decl":{"start":{"line":66,"column":33},"end":{"line":66,"column":34}},"loc":{"start":{"line":66,"column":39},"end":{"line":66,"column":43}},"line":66},"4":{"name":"(anonymous_4)","decl":{"start":{"line":71,"column":33},"end":{"line":71,"column":34}},"loc":{"start":{"line":71,"column":39},"end":{"line":71,"column":43}},"line":71}},"branchMap":{"0":{"loc":{"start":{"line":32,"column":4},"end":{"line":35,"column":5}},"type":"if","locations":[{"start":{"line":32,"column":4},"end":{"line":35,"column":5}},{"start":{"line":32,"column":4},"end":{"line":35,"column":5}}],"line":32},"1":{"loc":{"start":{"line":36,"column":4},"end":{"line":39,"column":5}},"type":"if","locations":[{"start":{"line":36,"column":4},"end":{"line":39,"column":5}},{"start":{"line":36,"column":4},"end":{"line":39,"column":5}}],"line":36},"2":{"loc":{"start":{"line":51,"column":2},"end":{"line":53,"column":3}},"type":"if","locations":[{"start":{"line":51,"column":2},"end":{"line":53,"column":3}},{"start":{"line":51,"column":2},"end":{"line":53,"column":3}}],"line":51},"3":{"loc":{"start":{"line":57,"column":9},"end":{"line":79,"column":9}},"type":"cond-expr","locations":[{"start":{"line":58,"column":10},"end":{"line":60,"column":13}},{"start":{"line":62,"column":10},"end":{"line":78,"column":13}}],"line":57}},"s":{"0":0,"1":0,"2":0,"3":0,"4":0,"5":0,"6":0,"7":0,"8":0,"9":0,"10":0,"11":0,"12":0,"13":0,"14":0,"15":0,"16":0,"17":0,"18":0},"f":{"0":0,"1":0,"2":0,"3":0,"4":0},"b":{"0":[0,0],"1":[0,0],"2":[0,0],"3":[0,0]},"_coverageSchema":"1a1c01bbd47fc00a2c39e90264f33305004495a9","hash":"b4a7bec108bef865581e04c34734aa2aa5691821"}
,"C:\\Users\\user\\Desktop\\groupfinda-app\\groupfinda-frontend\\src\\screens\\ChatScreen.tsx": {"path":"C:\\Users\\user\\Desktop\\groupfinda-app\\groupfinda-frontend\\src\\screens\\ChatScreen.tsx","statementMap":{"0":{"start":{"line":7,"column":36},"end":{"line":13,"column":1}},"1":{"start":{"line":8,"column":2},"end":{"line":12,"column":4}},"2":{"start":{"line":15,"column":15},"end":{"line":15,"column":36}}},"fnMap":{"0":{"name":"(anonymous_0)","decl":{"start":{"line":7,"column":36},"end":{"line":7,"column":37}},"loc":{"start":{"line":7,"column":47},"end":{"line":13,"column":1}},"line":7}},"branchMap":{},"s":{"0":1,"1":0,"2":1},"f":{"0":0},"b":{},"_coverageSchema":"1a1c01bbd47fc00a2c39e90264f33305004495a9","hash":"f0086d4d7133327e84c72f3b34b35505668b91db"}
,"C:\\Users\\user\\Desktop\\groupfinda-app\\groupfinda-frontend\\src\\screens\\ForgetPasswordScreen.tsx": {"path":"C:\\Users\\user\\Desktop\\groupfinda-app\\groupfinda-frontend\\src\\screens\\ForgetPasswordScreen.tsx","statementMap":{"0":{"start":{"line":10,"column":46},"end":{"line":28,"column":1}},"1":{"start":{"line":11,"column":2},"end":{"line":27,"column":4}},"2":{"start":{"line":30,"column":15},"end":{"line":48,"column":2}}},"fnMap":{"0":{"name":"(anonymous_0)","decl":{"start":{"line":10,"column":46},"end":{"line":10,"column":47}},"loc":{"start":{"line":10,"column":66},"end":{"line":28,"column":1}},"line":10}},"branchMap":{},"s":{"0":1,"1":1,"2":1},"f":{"0":1},"b":{},"_coverageSchema":"1a1c01bbd47fc00a2c39e90264f33305004495a9","hash":"ee04e282377e63e8cd5ecbabb70031b2e9ab3a32"}
,"C:\\Users\\user\\Desktop\\groupfinda-app\\groupfinda-frontend\\src\\screens\\LoadingScreen.tsx": {"path":"C:\\Users\\user\\Desktop\\groupfinda-app\\groupfinda-frontend\\src\\screens\\LoadingScreen.tsx","statementMap":{"0":{"start":{"line":7,"column":39},"end":{"line":13,"column":1}},"1":{"start":{"line":8,"column":2},"end":{"line":12,"column":4}},"2":{"start":{"line":15,"column":15},"end":{"line":15,"column":36}}},"fnMap":{"0":{"name":"(anonymous_0)","decl":{"start":{"line":7,"column":39},"end":{"line":7,"column":40}},"loc":{"start":{"line":7,"column":50},"end":{"line":13,"column":1}},"line":7}},"branchMap":{},"s":{"0":1,"1":0,"2":1},"f":{"0":0},"b":{},"_coverageSchema":"1a1c01bbd47fc00a2c39e90264f33305004495a9","hash":"90815dc4a828ff7c021dd0e1dd060109f5c97d8a"}
,"C:\\Users\\user\\Desktop\\groupfinda-app\\groupfinda-frontend\\src\\screens\\LogInScreen.tsx": {"path":"C:\\Users\\user\\Desktop\\groupfinda-app\\groupfinda-frontend\\src\\screens\\LogInScreen.tsx","statementMap":{"0":{"start":{"line":10,"column":37},"end":{"line":35,"column":1}},"1":{"start":{"line":11,"column":2},"end":{"line":34,"column":4}},"2":{"start":{"line":27,"column":27},"end":{"line":27,"column":55}},"3":{"start":{"line":37,"column":15},"end":{"line":57,"column":2}}},"fnMap":{"0":{"name":"(anonymous_0)","decl":{"start":{"line":10,"column":37},"end":{"line":10,"column":38}},"loc":{"start":{"line":10,"column":57},"end":{"line":35,"column":1}},"line":10},"1":{"name":"(anonymous_1)","decl":{"start":{"line":27,"column":21},"end":{"line":27,"column":22}},"loc":{"start":{"line":27,"column":27},"end":{"line":27,"column":55}},"line":27}},"branchMap":{},"s":{"0":1,"1":0,"2":0,"3":1},"f":{"0":0,"1":0},"b":{},"_coverageSchema":"1a1c01bbd47fc00a2c39e90264f33305004495a9","hash":"1e871381ce7423b61703dd230a391f8a2eeab270"}
,"C:\\Users\\user\\Desktop\\groupfinda-app\\groupfinda-frontend\\src\\screens\\ProfileScreen.tsx": {"path":"C:\\Users\\user\\Desktop\\groupfinda-app\\groupfinda-frontend\\src\\screens\\ProfileScreen.tsx","statementMap":{"0":{"start":{"line":7,"column":39},"end":{"line":13,"column":1}},"1":{"start":{"line":8,"column":2},"end":{"line":12,"column":4}},"2":{"start":{"line":15,"column":15},"end":{"line":15,"column":36}}},"fnMap":{"0":{"name":"(anonymous_0)","decl":{"start":{"line":7,"column":39},"end":{"line":7,"column":40}},"loc":{"start":{"line":7,"column":50},"end":{"line":13,"column":1}},"line":7}},"branchMap":{},"s":{"0":1,"1":0,"2":1},"f":{"0":0},"b":{},"_coverageSchema":"1a1c01bbd47fc00a2c39e90264f33305004495a9","hash":"4de0bb48c14237b9a6f5eb9d50c01df00618dfe8"}
,"C:\\Users\\user\\Desktop\\groupfinda-app\\groupfinda-frontend\\src\\screens\\SearchScreen.tsx": {"path":"C:\\Users\\user\\Desktop\\groupfinda-app\\groupfinda-frontend\\src\\screens\\SearchScreen.tsx","statementMap":{"0":{"start":{"line":7,"column":38},"end":{"line":13,"column":1}},"1":{"start":{"line":8,"column":2},"end":{"line":12,"column":4}},"2":{"start":{"line":15,"column":15},"end":{"line":15,"column":36}}},"fnMap":{"0":{"name":"(anonymous_0)","decl":{"start":{"line":7,"column":38},"end":{"line":7,"column":39}},"loc":{"start":{"line":7,"column":49},"end":{"line":13,"column":1}},"line":7}},"branchMap":{},"s":{"0":1,"1":0,"2":1},"f":{"0":0},"b":{},"_coverageSchema":"1a1c01bbd47fc00a2c39e90264f33305004495a9","hash":"aec07265313c4b9fbd9f3893736d345f5293cc31"}
,"C:\\Users\\user\\Desktop\\groupfinda-app\\groupfinda-frontend\\src\\screens\\SignUpScreen.tsx": {"path":"C:\\Users\\user\\Desktop\\groupfinda-app\\groupfinda-frontend\\src\\screens\\SignUpScreen.tsx","statementMap":{"0":{"start":{"line":10,"column":38},"end":{"line":34,"column":1}},"1":{"start":{"line":11,"column":2},"end":{"line":33,"column":4}},"2":{"start":{"line":27,"column":25},"end":{"line":27,"column":52}},"3":{"start":{"line":36,"column":15},"end":{"line":54,"column":2}}},"fnMap":{"0":{"name":"(anonymous_0)","decl":{"start":{"line":10,"column":38},"end":{"line":10,"column":39}},"loc":{"start":{"line":10,"column":58},"end":{"line":34,"column":1}},"line":10},"1":{"name":"(anonymous_1)","decl":{"start":{"line":27,"column":19},"end":{"line":27,"column":20}},"loc":{"start":{"line":27,"column":25},"end":{"line":27,"column":52}},"line":27}},"branchMap":{},"s":{"0":1,"1":0,"2":0,"3":1},"f":{"0":0,"1":0},"b":{},"_coverageSchema":"1a1c01bbd47fc00a2c39e90264f33305004495a9","hash":"2a051168b9ff3e88264f0a5a5fc965ffef2e42ac"}
,"C:\\Users\\user\\Desktop\\groupfinda-app\\groupfinda-frontend\\src\\screens\\SwipeScreen.tsx": {"path":"C:\\Users\\user\\Desktop\\groupfinda-app\\groupfinda-frontend\\src\\screens\\SwipeScreen.tsx","statementMap":{"0":{"start":{"line":8,"column":37},"end":{"line":23,"column":1}},"1":{"start":{"line":9,"column":17},"end":{"line":9,"column":34}},"2":{"start":{"line":10,"column":2},"end":{"line":22,"column":4}},"3":{"start":{"line":15,"column":10},"end":{"line":15,"column":53}},"4":{"start":{"line":16,"column":10},"end":{"line":16,"column":30}},"5":{"start":{"line":25,"column":15},"end":{"line":25,"column":36}}},"fnMap":{"0":{"name":"(anonymous_0)","decl":{"start":{"line":8,"column":37},"end":{"line":8,"column":38}},"loc":{"start":{"line":8,"column":48},"end":{"line":23,"column":1}},"line":8},"1":{"name":"(anonymous_1)","decl":{"start":{"line":14,"column":17},"end":{"line":14,"column":18}},"loc":{"start":{"line":14,"column":29},"end":{"line":17,"column":9}},"line":14}},"branchMap":{},"s":{"0":1,"1":0,"2":0,"3":0,"4":0,"5":1},"f":{"0":0,"1":0},"b":{},"_coverageSchema":"1a1c01bbd47fc00a2c39e90264f33305004495a9","hash":"74c7f4d9cd1cbd331c02078ad729f865ebce857f"}
,"C:\\Users\\user\\Desktop\\groupfinda-app\\groupfinda-frontend\\src\\screens\\index.ts": {"path":"C:\\Users\\user\\Desktop\\groupfinda-app\\groupfinda-frontend\\src\\screens\\index.ts","statementMap":{},"fnMap":{},"branchMap":{},"s":{},"f":{},"b":{},"_coverageSchema":"1a1c01bbd47fc00a2c39e90264f33305004495a9","hash":"a5189ee7f7f357dabc02f8de043db8ce15aab778"}
}
