TN:
SF:App.tsx
FN:10,(anonymous_0)
FN:21,(anonymous_1)
FNF:2
FNH:1
FNDA:1,(anonymous_0)
FNDA:0,(anonymous_1)
DA:10,1
DA:11,1
DA:21,0
LF:3
LH:2
BRF:0
BRH:0
end_of_record
TN:
SF:custom-theme.ts
FNF:0
FNH:0
DA:3,1
LF:1
LH:1
BRF:0
BRH:0
end_of_record
TN:
SF:src\components\Auth\ForgetPasswordForm.tsx
FN:20,(anonymous_0)
FN:38,(anonymous_1)
FN:43,(anonymous_2)
FN:52,(anonymous_3)
FN:69,(anonymous_4)
FN:76,(anonymous_5)
FN:78,(anonymous_6)
FN:84,(anonymous_7)
FN:90,(anonymous_8)
FN:93,(anonymous_9)
FNF:10
FNH:4
FNDA:1,(anonymous_0)
FNDA:0,(anonymous_1)
FNDA:0,(anonymous_2)
FNDA:0,(anonymous_3)
FNDA:0,(anonymous_4)
FNDA:1,(anonymous_5)
FNDA:0,(anonymous_6)
FNDA:0,(anonymous_7)
FNDA:1,(anonymous_8)
FNDA:1,(anonymous_9)
DA:20,1
DA:21,1
DA:23,1
DA:24,1
DA:25,1
DA:32,1
DA:34,1
DA:39,0
DA:40,0
DA:44,0
DA:45,0
DA:46,0
DA:47,0
DA:48,0
DA:52,1
DA:53,0
DA:57,0
DA:59,1
DA:69,0
DA:76,1
DA:78,0
DA:84,0
DA:90,1
DA:93,1
DA:108,1
LF:25
LH:13
BRDA:39,0,0,0
BRDA:39,0,1,0
BRDA:61,1,0,1
BRDA:61,1,1,0
BRDA:68,2,0,0
BRDA:68,2,1,1
BRDA:83,3,0,0
BRDA:83,3,1,1
BRF:8
BRH:3
end_of_record
TN:
SF:src\components\Auth\LogInForm.tsx
FN:41,(anonymous_0)
FN:60,(anonymous_1)
FN:67,(anonymous_2)
FN:74,(anonymous_3)
FN:78,(anonymous_4)
FN:84,(anonymous_5)
FN:86,(anonymous_6)
FN:94,(anonymous_7)
FN:114,(anonymous_8)
FN:115,(anonymous_9)
FN:123,(anonymous_10)
FN:127,(anonymous_11)
FN:131,(anonymous_12)
FN:137,(anonymous_13)
FN:145,(anonymous_14)
FNF:15
FNH:0
FNDA:0,(anonymous_0)
FNDA:0,(anonymous_1)
FNDA:0,(anonymous_2)
FNDA:0,(anonymous_3)
FNDA:0,(anonymous_4)
FNDA:0,(anonymous_5)
FNDA:0,(anonymous_6)
FNDA:0,(anonymous_7)
FNDA:0,(anonymous_8)
FNDA:0,(anonymous_9)
FNDA:0,(anonymous_10)
FNDA:0,(anonymous_11)
FNDA:0,(anonymous_12)
FNDA:0,(anonymous_13)
FNDA:0,(anonymous_14)
DA:41,1
DA:42,0
DA:44,0
DA:45,0
DA:46,0
DA:47,0
DA:48,0
DA:55,0
DA:56,0
DA:57,0
DA:61,0
DA:62,0
DA:65,0
DA:68,0
DA:69,0
DA:74,0
DA:75,0
DA:78,0
DA:79,0
DA:84,0
DA:85,0
DA:86,0
DA:94,0
DA:95,0
DA:99,0
DA:100,0
DA:101,0
DA:102,0
DA:104,0
DA:106,0
DA:109,0
DA:114,0
DA:115,0
DA:123,0
DA:128,0
DA:131,0
DA:137,0
DA:145,0
DA:162,1
LF:39
LH:2
BRDA:61,0,0,0
BRDA:61,0,1,0
BRDA:80,1,0,0
BRDA:80,1,1,0
BRDA:113,2,0,0
BRDA:113,2,1,0
BRDA:130,3,0,0
BRDA:130,3,1,0
BRDA:153,4,0,0
BRDA:153,4,1,0
BRF:10
BRH:0
end_of_record
TN:
SF:src\components\Auth\SignUpForm.tsx
FN:47,(anonymous_0)
FN:74,(anonymous_1)
FN:81,(anonymous_2)
FN:90,(anonymous_3)
FN:94,(anonymous_4)
FN:98,(anonymous_5)
FN:104,(anonymous_6)
FN:112,(anonymous_7)
FN:139,(anonymous_8)
FN:147,(anonymous_9)
FN:153,(anonymous_10)
FN:163,(anonymous_11)
FN:164,(anonymous_12)
FN:170,(anonymous_13)
FN:180,(anonymous_14)
FN:181,(anonymous_15)
FN:187,(anonymous_16)
FN:195,(anonymous_17)
FN:196,(anonymous_18)
FN:202,(anonymous_19)
FN:210,(anonymous_20)
FN:211,(anonymous_21)
FN:217,(anonymous_22)
FN:226,(anonymous_23)
FN:235,(anonymous_24)
FNF:25
FNH:0
FNDA:0,(anonymous_0)
FNDA:0,(anonymous_1)
FNDA:0,(anonymous_2)
FNDA:0,(anonymous_3)
FNDA:0,(anonymous_4)
FNDA:0,(anonymous_5)
FNDA:0,(anonymous_6)
FNDA:0,(anonymous_7)
FNDA:0,(anonymous_8)
FNDA:0,(anonymous_9)
FNDA:0,(anonymous_10)
FNDA:0,(anonymous_11)
FNDA:0,(anonymous_12)
FNDA:0,(anonymous_13)
FNDA:0,(anonymous_14)
FNDA:0,(anonymous_15)
FNDA:0,(anonymous_16)
FNDA:0,(anonymous_17)
FNDA:0,(anonymous_18)
FNDA:0,(anonymous_19)
FNDA:0,(anonymous_20)
FNDA:0,(anonymous_21)
FNDA:0,(anonymous_22)
FNDA:0,(anonymous_23)
FNDA:0,(anonymous_24)
DA:47,1
DA:48,0
DA:49,0
DA:50,0
DA:51,0
DA:52,0
DA:53,0
DA:54,0
DA:55,0
DA:56,0
DA:59,0
DA:60,0
DA:61,0
DA:69,0
DA:71,0
DA:75,0
DA:76,0
DA:79,0
DA:82,0
DA:83,0
DA:87,0
DA:88,0
DA:90,0
DA:91,0
DA:94,0
DA:95,0
DA:98,0
DA:99,0
DA:104,0
DA:107,0
DA:112,0
DA:113,0
DA:123,0
DA:124,0
DA:125,0
DA:126,0
DA:128,0
DA:130,0
DA:134,0
DA:139,0
DA:147,0
DA:153,0
DA:163,0
DA:164,0
DA:170,0
DA:180,0
DA:181,0
DA:187,0
DA:195,0
DA:196,0
DA:202,0
DA:210,0
DA:211,0
DA:217,0
DA:226,0
DA:236,0
DA:264,1
LF:57
LH:2
BRDA:75,0,0,0
BRDA:75,0,1,0
BRDA:100,1,0,0
BRDA:100,1,1,0
BRDA:108,2,0,0
BRDA:108,2,1,0
BRDA:138,3,0,0
BRDA:138,3,1,0
BRDA:152,4,0,0
BRDA:152,4,1,0
BRDA:169,5,0,0
BRDA:169,5,1,0
BRDA:186,6,0,0
BRDA:186,6,1,0
BRDA:201,7,0,0
BRDA:201,7,1,0
BRDA:216,8,0,0
BRDA:216,8,1,0
BRDA:255,9,0,0
BRDA:255,9,1,0
BRF:20
BRH:0
end_of_record
TN:
SF:src\components\Auth\index.ts
FNF:0
FNH:0
LF:0
LH:0
BRF:0
BRH:0
end_of_record
TN:
SF:src\graphql\client.ts
FN:8,(anonymous_0)
FNF:1
FNH:0
FNDA:0,(anonymous_0)
DA:8,1
DA:9,0
DA:10,0
DA:18,1
DA:20,1
DA:25,1
LF:6
LH:4
BRDA:13,0,0,0
BRDA:13,0,1,0
BRF:2
BRH:0
end_of_record
TN:
SF:src\graphql\mutations\index.ts
FNF:0
FNH:0
LF:0
LH:0
BRF:0
BRH:0
end_of_record
TN:
SF:src\graphql\mutations\user.ts
FNF:0
FNH:0
DA:3,1
DA:11,1
DA:37,1
DA:43,1
DA:57,1
LF:5
LH:5
BRF:0
BRH:0
end_of_record
TN:
SF:src\graphql\queries\index.ts
FNF:0
FNH:0
LF:0
LH:0
BRF:0
BRH:0
end_of_record
TN:
SF:src\graphql\queries\user.ts
FNF:0
FNH:0
DA:3,1
LF:1
LH:1
BRF:0
BRH:0
end_of_record
TN:
SF:src\hooks\index.ts
FNF:0
FNH:0
LF:0
LH:0
BRF:0
BRH:0
end_of_record
TN:
SF:src\hooks\useError.tsx
FN:18,(anonymous_0)
FN:22,(anonymous_1)
FN:26,(anonymous_2)
FN:33,(anonymous_3)
FN:41,(anonymous_4)
FN:42,(anonymous_5)
FN:45,(anonymous_6)
FN:52,(anonymous_7)
FNF:8
FNH:2
FNDA:1,(anonymous_0)
FNDA:0,(anonymous_1)
FNDA:0,(anonymous_2)
FNDA:0,(anonymous_3)
FNDA:0,(anonymous_4)
FNDA:0,(anonymous_5)
FNDA:1,(anonymous_6)
FNDA:0,(anonymous_7)
DA:18,1
DA:19,1
DA:20,1
DA:22,1
DA:23,0
DA:26,1
DA:27,0
DA:28,0
DA:29,0
DA:31,0
DA:32,0
DA:33,0
DA:34,0
DA:36,0
DA:37,0
DA:41,1
DA:42,0
DA:45,1
DA:46,1
DA:47,0
DA:49,1
DA:52,1
DA:53,0
DA:54,0
DA:57,1
LF:25
LH:11
BRDA:28,0,0,0
BRDA:28,0,1,0
BRDA:36,1,0,0
BRDA:36,1,1,0
BRDA:46,2,0,0
BRDA:46,2,1,1
BRF:6
BRH:1
end_of_record
TN:
SF:src\hooks\useRefetch.tsx
FN:5,(anonymous_0)
FNF:1
FNH:0
FNDA:0,(anonymous_0)
DA:5,1
DA:6,0
DA:13,0
LF:3
LH:1
BRF:0
BRH:0
end_of_record
TN:
SF:src\navigation\navigator.tsx
FN:24,(anonymous_0)
FN:31,(anonymous_1)
FN:42,(anonymous_2)
FN:66,(anonymous_3)
FN:71,(anonymous_4)
FNF:5
FNH:0
FNDA:0,(anonymous_0)
FNDA:0,(anonymous_1)
FNDA:0,(anonymous_2)
FNDA:0,(anonymous_3)
FNDA:0,(anonymous_4)
DA:25,0
DA:26,0
DA:27,0
DA:28,0
DA:29,0
DA:31,0
DA:32,0
DA:33,0
DA:34,0
DA:36,0
DA:37,0
DA:38,0
DA:42,0
DA:43,0
DA:51,0
DA:52,0
DA:54,0
DA:66,0
DA:71,0
LF:19
LH:0
BRDA:32,0,0,0
BRDA:32,0,1,0
BRDA:36,1,0,0
BRDA:36,1,1,0
BRDA:51,2,0,0
BRDA:51,2,1,0
BRDA:57,3,0,0
BRDA:57,3,1,0
BRF:8
BRH:0
end_of_record
TN:
SF:src\screens\ChatScreen.tsx
FN:7,(anonymous_0)
FNF:1
FNH:0
FNDA:0,(anonymous_0)
DA:7,1
DA:8,0
DA:15,1
LF:3
LH:2
BRF:0
BRH:0
end_of_record
TN:
SF:src\screens\ForgetPasswordScreen.tsx
FN:10,(anonymous_0)
FNF:1
FNH:1
FNDA:1,(anonymous_0)
DA:10,1
DA:11,1
DA:30,1
LF:3
LH:3
BRF:0
BRH:0
end_of_record
TN:
SF:src\screens\LoadingScreen.tsx
FN:7,(anonymous_0)
FNF:1
FNH:0
FNDA:0,(anonymous_0)
DA:7,1
DA:8,0
DA:15,1
LF:3
LH:2
BRF:0
BRH:0
end_of_record
TN:
SF:src\screens\LogInScreen.tsx
FN:10,(anonymous_0)
FN:27,(anonymous_1)
FNF:2
FNH:0
FNDA:0,(anonymous_0)
FNDA:0,(anonymous_1)
DA:10,1
DA:11,0
DA:27,0
DA:37,1
LF:4
LH:2
BRF:0
BRH:0
end_of_record
TN:
SF:src\screens\ProfileScreen.tsx
FN:7,(anonymous_0)
FNF:1
FNH:0
FNDA:0,(anonymous_0)
DA:7,1
DA:8,0
DA:15,1
LF:3
LH:2
BRF:0
BRH:0
end_of_record
TN:
SF:src\screens\SearchScreen.tsx
FN:7,(anonymous_0)
FNF:1
FNH:0
FNDA:0,(anonymous_0)
DA:7,1
DA:8,0
DA:15,1
LF:3
LH:2
BRF:0
BRH:0
end_of_record
TN:
SF:src\screens\SignUpScreen.tsx
FN:10,(anonymous_0)
FN:27,(anonymous_1)
FNF:2
FNH:0
FNDA:0,(anonymous_0)
FNDA:0,(anonymous_1)
DA:10,1
DA:11,0
DA:27,0
DA:36,1
LF:4
LH:2
BRF:0
BRH:0
end_of_record
TN:
SF:src\screens\SwipeScreen.tsx
FN:8,(anonymous_0)
FN:14,(anonymous_1)
FNF:2
FNH:0
FNDA:0,(anonymous_0)
FNDA:0,(anonymous_1)
DA:8,1
DA:9,0
DA:10,0
DA:15,0
DA:16,0
DA:25,1
LF:6
LH:2
BRF:0
BRH:0
end_of_record
TN:
SF:src\screens\index.ts
FNF:0
FNH:0
LF:0
LH:0
BRF:0
BRH:0
end_of_record
